Traceback (most recent call last):
  File "/quobyte/jbsiegelgrp/software/envs/foundry/lib/python3.12/site-packages/hydra/_internal/config_loader_impl.py", line 390, in _apply_overrides_to_config
    OmegaConf.update(cfg, key, value, merge=True)
  File "/quobyte/jbsiegelgrp/software/envs/foundry/lib/python3.12/site-packages/omegaconf/omegaconf.py", line 716, in update
    root[key_] = {}
    ~~~~^^^^^^
  File "/quobyte/jbsiegelgrp/software/envs/foundry/lib/python3.12/site-packages/omegaconf/dictconfig.py", line 310, in __setitem__
    self._format_and_raise(
  File "/quobyte/jbsiegelgrp/software/envs/foundry/lib/python3.12/site-packages/omegaconf/base.py", line 231, in _format_and_raise
    format_and_raise(
  File "/quobyte/jbsiegelgrp/software/envs/foundry/lib/python3.12/site-packages/omegaconf/_utils.py", line 819, in format_and_raise
    _raise(ex, cause)
  File "/quobyte/jbsiegelgrp/software/envs/foundry/lib/python3.12/site-packages/omegaconf/_utils.py", line 797, in _raise
    raise ex.with_traceback(sys.exc_info()[2])  # set env var OC_CAUSE=1 for full trace
    ^^^^^^^^^^^^^^^^^^^^^^^^^^^^^^^^^^^^^^^^^^
  File "/quobyte/jbsiegelgrp/software/envs/foundry/lib/python3.12/site-packages/omegaconf/dictconfig.py", line 308, in __setitem__
    self.__set_impl(key=key, value=value)
  File "/quobyte/jbsiegelgrp/software/envs/foundry/lib/python3.12/site-packages/omegaconf/dictconfig.py", line 318, in __set_impl
    self._set_item_impl(key, value)
  File "/quobyte/jbsiegelgrp/software/envs/foundry/lib/python3.12/site-packages/omegaconf/basecontainer.py", line 549, in _set_item_impl
    self._validate_set(key, value)
  File "/quobyte/jbsiegelgrp/software/envs/foundry/lib/python3.12/site-packages/omegaconf/dictconfig.py", line 180, in _validate_set
    target = self._get_node(key) if key is not None else self
             ^^^^^^^^^^^^^^^^^^^
  File "/quobyte/jbsiegelgrp/software/envs/foundry/lib/python3.12/site-packages/omegaconf/dictconfig.py", line 475, in _get_node
    self._validate_get(key)
  File "/quobyte/jbsiegelgrp/software/envs/foundry/lib/python3.12/site-packages/omegaconf/dictconfig.py", line 164, in _validate_get
    self._format_and_raise(
  File "/quobyte/jbsiegelgrp/software/envs/foundry/lib/python3.12/site-packages/omegaconf/base.py", line 231, in _format_and_raise
    format_and_raise(
  File "/quobyte/jbsiegelgrp/software/envs/foundry/lib/python3.12/site-packages/omegaconf/_utils.py", line 899, in format_and_raise
    _raise(ex, cause)
  File "/quobyte/jbsiegelgrp/software/envs/foundry/lib/python3.12/site-packages/omegaconf/_utils.py", line 797, in _raise
    raise ex.with_traceback(sys.exc_info()[2])  # set env var OC_CAUSE=1 for full trace
    ^^^^^^^^^^^^^^^^^^^^^^^^^^^^^^^^^^^^^^^^^^
omegaconf.errors.ConfigKeyError: Key 'inference_engine' is not in struct
    full_key: inference_engine
    object_type=dict

The above exception was the direct cause of the following exception:

Traceback (most recent call last):
  File "<frozen runpy>", line 198, in _run_module_as_main
  File "<frozen runpy>", line 88, in _run_code
  File "/quobyte/jbsiegelgrp/software/foundry/models/rf3/src/rf3/cli.py", line 86, in <module>
    app()
  File "/quobyte/jbsiegelgrp/software/envs/foundry/lib/python3.12/site-packages/typer/main.py", line 327, in __call__
    raise e
  File "/quobyte/jbsiegelgrp/software/envs/foundry/lib/python3.12/site-packages/typer/main.py", line 310, in __call__
    return get_command(self)(*args, **kwargs)
           ^^^^^^^^^^^^^^^^^^^^^^^^^^^^^^^^^^
  File "/quobyte/jbsiegelgrp/software/envs/foundry/lib/python3.12/site-packages/click/core.py", line 1485, in __call__
    return self.main(*args, **kwargs)
           ^^^^^^^^^^^^^^^^^^^^^^^^^^
  File "/quobyte/jbsiegelgrp/software/envs/foundry/lib/python3.12/site-packages/typer/core.py", line 803, in main
    return _main(
           ^^^^^^
  File "/quobyte/jbsiegelgrp/software/envs/foundry/lib/python3.12/site-packages/typer/core.py", line 192, in _main
    rv = self.invoke(ctx)
         ^^^^^^^^^^^^^^^^
  File "/quobyte/jbsiegelgrp/software/envs/foundry/lib/python3.12/site-packages/click/core.py", line 1873, in invoke
    return _process_result(sub_ctx.command.invoke(sub_ctx))
                           ^^^^^^^^^^^^^^^^^^^^^^^^^^^^^^^
  File "/quobyte/jbsiegelgrp/software/envs/foundry/lib/python3.12/site-packages/click/core.py", line 1269, in invoke
    return ctx.invoke(self.callback, **ctx.params)
           ^^^^^^^^^^^^^^^^^^^^^^^^^^^^^^^^^^^^^^^
  File "/quobyte/jbsiegelgrp/software/envs/foundry/lib/python3.12/site-packages/click/core.py", line 824, in invoke
    return callback(*args, **kwargs)
           ^^^^^^^^^^^^^^^^^^^^^^^^^
  File "/quobyte/jbsiegelgrp/software/envs/foundry/lib/python3.12/site-packages/typer/main.py", line 691, in wrapper
    return callback(**use_params)
           ^^^^^^^^^^^^^^^^^^^^^^
  File "/quobyte/jbsiegelgrp/software/foundry/models/rf3/src/rf3/cli.py", line 65, in fold
    cfg = compose(config_name="inference", overrides=hydra_overrides)
          ^^^^^^^^^^^^^^^^^^^^^^^^^^^^^^^^^^^^^^^^^^^^^^^^^^^^^^^^^^^
  File "/quobyte/jbsiegelgrp/software/envs/foundry/lib/python3.12/site-packages/hydra/compose.py", line 38, in compose
    cfg = gh.hydra.compose_config(
          ^^^^^^^^^^^^^^^^^^^^^^^^
  File "/quobyte/jbsiegelgrp/software/envs/foundry/lib/python3.12/site-packages/hydra/_internal/hydra.py", line 594, in compose_config
    cfg = self.config_loader.load_configuration(
          ^^^^^^^^^^^^^^^^^^^^^^^^^^^^^^^^^^^^^^
  File "/quobyte/jbsiegelgrp/software/envs/foundry/lib/python3.12/site-packages/hydra/_internal/config_loader_impl.py", line 142, in load_configuration
    return self._load_configuration_impl(
           ^^^^^^^^^^^^^^^^^^^^^^^^^^^^^^
  File "/quobyte/jbsiegelgrp/software/envs/foundry/lib/python3.12/site-packages/hydra/_internal/config_loader_impl.py", line 276, in _load_configuration_impl
    ConfigLoaderImpl._apply_overrides_to_config(config_overrides, cfg)
  File "/quobyte/jbsiegelgrp/software/envs/foundry/lib/python3.12/site-packages/hydra/_internal/config_loader_impl.py", line 392, in _apply_overrides_to_config
    raise ConfigCompositionException(
hydra.errors.ConfigCompositionException: Could not override 'inference_engine.ckpt_path'.
To append to your config use +inference_engine.ckpt_path=/quobyte/jbsiegelgrp/databases/foundry/rf3_foundry_01_24_latest_remapped.ckpt
