Traceback (most recent call last):
  File "/quobyte/jbsiegelgrp/software/envs/foundry/bin/rf3", line 7, in <module>
    sys.exit(app())
             ^^^^^
  File "/quobyte/jbsiegelgrp/software/envs/foundry/lib/python3.12/site-packages/typer/main.py", line 327, in __call__
    raise e
  File "/quobyte/jbsiegelgrp/software/envs/foundry/lib/python3.12/site-packages/typer/main.py", line 310, in __call__
    return get_command(self)(*args, **kwargs)
           ^^^^^^^^^^^^^^^^^^^^^^^^^^^^^^^^^^
  File "/quobyte/jbsiegelgrp/software/envs/foundry/lib/python3.12/site-packages/click/core.py", line 1485, in __call__
    return self.main(*args, **kwargs)
           ^^^^^^^^^^^^^^^^^^^^^^^^^^
  File "/quobyte/jbsiegelgrp/software/envs/foundry/lib/python3.12/site-packages/typer/core.py", line 803, in main
    return _main(
           ^^^^^^
  File "/quobyte/jbsiegelgrp/software/envs/foundry/lib/python3.12/site-packages/typer/core.py", line 192, in _main
    rv = self.invoke(ctx)
         ^^^^^^^^^^^^^^^^
  File "/quobyte/jbsiegelgrp/software/envs/foundry/lib/python3.12/site-packages/click/core.py", line 1873, in invoke
    return _process_result(sub_ctx.command.invoke(sub_ctx))
                           ^^^^^^^^^^^^^^^^^^^^^^^^^^^^^^^
  File "/quobyte/jbsiegelgrp/software/envs/foundry/lib/python3.12/site-packages/click/core.py", line 1269, in invoke
    return ctx.invoke(self.callback, **ctx.params)
           ^^^^^^^^^^^^^^^^^^^^^^^^^^^^^^^^^^^^^^^
  File "/quobyte/jbsiegelgrp/software/envs/foundry/lib/python3.12/site-packages/click/core.py", line 824, in invoke
    return callback(*args, **kwargs)
           ^^^^^^^^^^^^^^^^^^^^^^^^^
  File "/quobyte/jbsiegelgrp/software/envs/foundry/lib/python3.12/site-packages/typer/main.py", line 691, in wrapper
    return callback(**use_params)
           ^^^^^^^^^^^^^^^^^^^^^^
  File "/quobyte/jbsiegelgrp/software/envs/foundry/lib/python3.12/site-packages/rf3/cli.py", line 56, in fold
    cfg = compose(config_name="inference", overrides=hydra_overrides)
          ^^^^^^^^^^^^^^^^^^^^^^^^^^^^^^^^^^^^^^^^^^^^^^^^^^^^^^^^^^^
  File "/quobyte/jbsiegelgrp/software/envs/foundry/lib/python3.12/site-packages/hydra/compose.py", line 38, in compose
    cfg = gh.hydra.compose_config(
          ^^^^^^^^^^^^^^^^^^^^^^^^
  File "/quobyte/jbsiegelgrp/software/envs/foundry/lib/python3.12/site-packages/hydra/_internal/hydra.py", line 594, in compose_config
    cfg = self.config_loader.load_configuration(
          ^^^^^^^^^^^^^^^^^^^^^^^^^^^^^^^^^^^^^^
  File "/quobyte/jbsiegelgrp/software/envs/foundry/lib/python3.12/site-packages/hydra/_internal/config_loader_impl.py", line 142, in load_configuration
    return self._load_configuration_impl(
           ^^^^^^^^^^^^^^^^^^^^^^^^^^^^^^
  File "/quobyte/jbsiegelgrp/software/envs/foundry/lib/python3.12/site-packages/hydra/_internal/config_loader_impl.py", line 243, in _load_configuration_impl
    self.ensure_main_config_source_available()
  File "/quobyte/jbsiegelgrp/software/envs/foundry/lib/python3.12/site-packages/hydra/_internal/config_loader_impl.py", line 129, in ensure_main_config_source_available
    self._missing_config_error(
  File "/quobyte/jbsiegelgrp/software/envs/foundry/lib/python3.12/site-packages/hydra/_internal/config_loader_impl.py", line 102, in _missing_config_error
    raise MissingConfigException(
hydra.errors.MissingConfigException: Primary config directory not found.
Check that the config directory '/quobyte/jbsiegelgrp/software/envs/foundry/lib/python3.12/configs' exists and readable
