16:38:57 DEBUG transforms: Debug mode is on
Traceback (most recent call last):
  File "/quobyte/jbsiegelgrp/software/envs/foundry/lib/python3.12/site-packages/hydra/_internal/instantiate/_instantiate2.py", line 92, in _call_target
    return _target_(*args, **kwargs)
           ^^^^^^^^^^^^^^^^^^^^^^^^^
  File "/quobyte/jbsiegelgrp/software/foundry/models/rf3/src/rf3/inference_engines/rf3.py", line 299, in __init__
    super().__init__(
TypeError: BaseInferenceEngine.__init__() got an unexpected keyword argument 'inference_engine'

The above exception was the direct cause of the following exception:

Traceback (most recent call last):
  File "<frozen runpy>", line 198, in _run_module_as_main
  File "<frozen runpy>", line 88, in _run_code
  File "/quobyte/jbsiegelgrp/software/foundry/models/rf3/src/rf3/cli.py", line 86, in <module>
    app()
  File "/quobyte/jbsiegelgrp/software/envs/foundry/lib/python3.12/site-packages/typer/main.py", line 327, in __call__
    raise e
  File "/quobyte/jbsiegelgrp/software/envs/foundry/lib/python3.12/site-packages/typer/main.py", line 310, in __call__
    return get_command(self)(*args, **kwargs)
           ^^^^^^^^^^^^^^^^^^^^^^^^^^^^^^^^^^
  File "/quobyte/jbsiegelgrp/software/envs/foundry/lib/python3.12/site-packages/click/core.py", line 1485, in __call__
    return self.main(*args, **kwargs)
           ^^^^^^^^^^^^^^^^^^^^^^^^^^
  File "/quobyte/jbsiegelgrp/software/envs/foundry/lib/python3.12/site-packages/typer/core.py", line 803, in main
    return _main(
           ^^^^^^
  File "/quobyte/jbsiegelgrp/software/envs/foundry/lib/python3.12/site-packages/typer/core.py", line 192, in _main
    rv = self.invoke(ctx)
         ^^^^^^^^^^^^^^^^
  File "/quobyte/jbsiegelgrp/software/envs/foundry/lib/python3.12/site-packages/click/core.py", line 1873, in invoke
    return _process_result(sub_ctx.command.invoke(sub_ctx))
                           ^^^^^^^^^^^^^^^^^^^^^^^^^^^^^^^
  File "/quobyte/jbsiegelgrp/software/envs/foundry/lib/python3.12/site-packages/click/core.py", line 1269, in invoke
    return ctx.invoke(self.callback, **ctx.params)
           ^^^^^^^^^^^^^^^^^^^^^^^^^^^^^^^^^^^^^^^
  File "/quobyte/jbsiegelgrp/software/envs/foundry/lib/python3.12/site-packages/click/core.py", line 824, in invoke
    return callback(*args, **kwargs)
           ^^^^^^^^^^^^^^^^^^^^^^^^^
  File "/quobyte/jbsiegelgrp/software/envs/foundry/lib/python3.12/site-packages/typer/main.py", line 691, in wrapper
    return callback(**use_params)
           ^^^^^^^^^^^^^^^^^^^^^^
  File "/quobyte/jbsiegelgrp/software/foundry/models/rf3/src/rf3/cli.py", line 69, in fold
    run_inference(cfg)
  File "/quobyte/jbsiegelgrp/software/envs/foundry/lib/python3.12/site-packages/hydra/main.py", line 83, in decorated_main
    return task_function(cfg_passthrough)
           ^^^^^^^^^^^^^^^^^^^^^^^^^^^^^^
  File "/quobyte/jbsiegelgrp/software/foundry/models/rf3/src/rf3/inference.py", line 62, in run_inference
    inference_engine = instantiate(init_cfg, _convert_="partial", _recursive_=False)
                       ^^^^^^^^^^^^^^^^^^^^^^^^^^^^^^^^^^^^^^^^^^^^^^^^^^^^^^^^^^^^^
  File "/quobyte/jbsiegelgrp/software/envs/foundry/lib/python3.12/site-packages/hydra/_internal/instantiate/_instantiate2.py", line 226, in instantiate
    return instantiate_node(
           ^^^^^^^^^^^^^^^^^
  File "/quobyte/jbsiegelgrp/software/envs/foundry/lib/python3.12/site-packages/hydra/_internal/instantiate/_instantiate2.py", line 347, in instantiate_node
    return _call_target(_target_, partial, args, kwargs, full_key)
           ^^^^^^^^^^^^^^^^^^^^^^^^^^^^^^^^^^^^^^^^^^^^^^^^^^^^^^^
  File "/quobyte/jbsiegelgrp/software/envs/foundry/lib/python3.12/site-packages/hydra/_internal/instantiate/_instantiate2.py", line 97, in _call_target
    raise InstantiationException(msg) from e
hydra.errors.InstantiationException: Error in call to target 'rf3.inference_engines.rf3.RF3InferenceEngine':
TypeError("BaseInferenceEngine.__init__() got an unexpected keyword argument 'inference_engine'")
