[1/1] Inference: ubiquitin_human
INFO:    Environment variable SINGULARITYENV_CUDA_VISIBLE_DEVICES is set, but APPTAINERENV_CUDA_VISIBLE_DEVICES is preferred
/alphafold3_venv/lib/python3.12/site-packages/keras/src/export/tf2onnx_lib.py:8: FutureWarning: In the future `np.object` will be defined as the corresponding NumPy scalar.
  if not hasattr(np, "object"):
INFO:2026-04-01 14:29:27,092:jax._src.xla_bridge:812: Unable to initialize backend 'tpu': INTERNAL: Failed to open libtpu.so: libtpu.so: cannot open shared object file: No such file or directory
I0401 14:29:27.092944 7281794425600 xla_bridge.py:812] Unable to initialize backend 'tpu': INTERNAL: Failed to open libtpu.so: libtpu.so: cannot open shared object file: No such file or directory
W0401 14:29:27.306559 1121304 cuda_executor.cc:1802] GPU interconnect information not available: INTERNAL: NVML doesn't support extracting fabric info or NVLink is not used by the device.
W0401 14:29:27.311284 1120535 cuda_executor.cc:1802] GPU interconnect information not available: INTERNAL: NVML doesn't support extracting fabric info or NVLink is not used by the device.

Running AlphaFold 3. Please note that standard AlphaFold 3 model parameters are
only available under terms of use provided at
https://github.com/google-deepmind/alphafold3/blob/main/WEIGHTS_TERMS_OF_USE.md.
If you do not agree to these terms and are using AlphaFold 3 derived model
parameters, cancel execution of AlphaFold 3 inference with CTRL-C, and do not
use the model parameters.


======================================================================
PHASE 2: Loading AF3 model and running inference
======================================================================

Found local devices: [CudaDevice(id=0)], using device 0: cuda:0
Building model from scratch...
Loading model parameters...
Traceback (most recent call last):
  File "/app/alphafold/run_alphafold.py", line 913, in <module>
    app.run(main)
  File "/alphafold3_venv/lib/python3.12/site-packages/absl/app.py", line 316, in run
    _run_main(main, args)
  File "/alphafold3_venv/lib/python3.12/site-packages/absl/app.py", line 261, in _run_main
    sys.exit(main(argv))
             ^^^^^^^^^^
  File "/app/alphafold/run_alphafold.py", line 868, in main
    _ = model_runner.model_params
        ^^^^^^^^^^^^^^^^^^^^^^^^^
  File "/usr/lib/python3.12/functools.py", line 995, in __get__
    val = self.func(instance)
          ^^^^^^^^^^^^^^^^^^^
  File "/app/alphafold/src/alphafold3/model/inference.py", line 79, in model_params
    return params.get_model_haiku_params(model_dir=self._model_dir)
           ^^^^^^^^^^^^^^^^^^^^^^^^^^^^^^^^^^^^^^^^^^^^^^^^^^^^^^^^
  File "/app/alphafold/src/alphafold3/model/params.py", line 204, in get_model_haiku_params
    model_files, is_compressed = select_model_files(model_dir)
                                 ^^^^^^^^^^^^^^^^^^^^^^^^^^^^^
  File "/app/alphafold/src/alphafold3/model/params.py", line 178, in select_model_files
    files = [file for file in model_dir.iterdir() if file.is_file()]
            ^^^^^^^^^^^^^^^^^^^^^^^^^^^^^^^^^^^^^^^^^^^^^^^^^^^^^^^^
  File "/usr/lib/python3.12/pathlib.py", line 1058, in iterdir
    for name in os.listdir(self):
                ^^^^^^^^^^^^^^^^
FileNotFoundError: [Errno 2] No such file or directory: '/home/icanders/models'
